# JRE version: OpenJDK Runtime Environment (8.0_152-b02) (build 1.8.0_152-release-1024-b02)
# Java VM: OpenJDK 64-Bit Server VM (25.152-b02 mixed mode windows-amd64 compressed oops)
Heap:
 PSYoungGen      total 53248K, used 21283K [0x00000000e0000000, 0x00000000e4480000, 0x0000000100000000)
  eden space 36352K, 12% used [0x00000000e0000000,0x00000000e044b090,0x00000000e2380000)
  from space 16896K, 99% used [0x00000000e2380000,0x00000000e33fde10,0x00000000e3400000)
  to   space 15872K, 0% used [0x00000000e3500000,0x00000000e3500000,0x00000000e4480000)
 ParOldGen       total 90112K, used 24784K [0x00000000a0000000, 0x00000000a5800000, 0x00000000e0000000)
  object space 90112K, 27% used [0x00000000a0000000,0x00000000a1834380,0x00000000a5800000)
 Metaspace       used 43412K, capacity 44015K, committed 44200K, reserved 1087488K
  class space    used 5387K, capacity 5547K, committed 5552K, reserved 1048576K
GC Heap History (10 events):
Event: 25.283 GC heap before
{Heap before GC invocations=10 (full 3):
 PSYoungGen      total 27136K, used 22016K [0x00000000e0000000, 0x00000000e3e80000, 0x0000000100000000)
  eden space 22016K, 100% used [0x00000000e0000000,0x00000000e1580000,0x00000000e1580000)
  from space 5120K, 0% used [0x00000000e2500000,0x00000000e2500000,0x00000000e2a00000)
  to   space 15872K, 0% used [0x00000000e1580000,0x00000000e1580000,0x00000000e2500000)
 ParOldGen       total 90112K, used 24070K [0x00000000a0000000, 0x00000000a5800000, 0x00000000e0000000)
  object space 90112K, 26% used [0x00000000a0000000,0x00000000a17818b8,0x00000000a5800000)
 Metaspace       used 36969K, capacity 37448K, committed 37800K, reserved 1083392K
  class space    used 4639K, capacity 4762K, committed 4784K, reserved 1048576K
Event: 25.290 GC heap after
Heap after GC invocations=10 (full 3):
 PSYoungGen      total 37888K, used 4618K [0x00000000e0000000, 0x00000000e3980000, 0x0000000100000000)
  eden space 22016K, 0% used [0x00000000e0000000,0x00000000e0000000,0x00000000e1580000)
  from space 15872K, 29% used [0x00000000e1580000,0x00000000e1a02860,0x00000000e2500000)
  to   space 15360K, 0% used [0x00000000e2a80000,0x00000000e2a80000,0x00000000e3980000)
 ParOldGen       total 90112K, used 24078K [0x00000000a0000000, 0x00000000a5800000, 0x00000000e0000000)
  object space 90112K, 26% used [0x00000000a0000000,0x00000000a17838b8,0x00000000a5800000)
 Metaspace       used 36969K, capacity 37448K, committed 37800K, reserved 1083392K
  class space    used 4639K, capacity 4762K, committed 4784K, reserved 1048576K
}
Event: 26.325 GC heap before
{Heap before GC invocations=11 (full 3):
 PSYoungGen      total 37888K, used 26634K [0x00000000e0000000, 0x00000000e3980000, 0x0000000100000000)
  eden space 22016K, 100% used [0x00000000e0000000,0x00000000e1580000,0x00000000e1580000)
  from space 15872K, 29% used [0x00000000e1580000,0x00000000e1a02860,0x00000000e2500000)
  to   space 15360K, 0% used [0x00000000e2a80000,0x00000000e2a80000,0x00000000e3980000)
 ParOldGen       total 90112K, used 24078K [0x00000000a0000000, 0x00000000a5800000, 0x00000000e0000000)
  object space 90112K, 26% used [0x00000000a0000000,0x00000000a17838b8,0x00000000a5800000)
 Metaspace       used 37669K, capacity 38182K, committed 38696K, reserved 1083392K
  class space    used 4690K, capacity 4831K, committed 4912K, reserved 1048576K
Event: 26.333 GC heap after
Heap after GC invocations=11 (full 3):
 PSYoungGen      total 43520K, used 5013K [0x00000000e0000000, 0x00000000e3b00000, 0x0000000100000000)
  eden space 28160K, 0% used [0x00000000e0000000,0x00000000e0000000,0x00000000e1b80000)
  from space 15360K, 32% used [0x00000000e2a80000,0x00000000e2f654c8,0x00000000e3980000)
  to   space 15360K, 0% used [0x00000000e1b80000,0x00000000e1b80000,0x00000000e2a80000)
 ParOldGen       total 90112K, used 24086K [0x00000000a0000000, 0x00000000a5800000, 0x00000000e0000000)
  object space 90112K, 26% used [0x00000000a0000000,0x00000000a17858b8,0x00000000a5800000)
 Metaspace       used 37669K, capacity 38182K, committed 38696K, reserved 1083392K
  class space    used 4690K, capacity 4831K, committed 4912K, reserved 1048576K
}
Event: 28.814 GC heap before
{Heap before GC invocations=12 (full 3):
 PSYoungGen      total 43520K, used 33173K [0x00000000e0000000, 0x00000000e3b00000, 0x0000000100000000)
  eden space 28160K, 100% used [0x00000000e0000000,0x00000000e1b80000,0x00000000e1b80000)
  from space 15360K, 32% used [0x00000000e2a80000,0x00000000e2f654c8,0x00000000e3980000)
  to   space 15360K, 0% used [0x00000000e1b80000,0x00000000e1b80000,0x00000000e2a80000)
 ParOldGen       total 90112K, used 24086K [0x00000000a0000000, 0x00000000a5800000, 0x00000000e0000000)
  object space 90112K, 26% used [0x00000000a0000000,0x00000000a17858b8,0x00000000a5800000)
 Metaspace       used 39804K, capacity 40349K, committed 40744K, reserved 1085440K
  class space    used 4937K, capacity 5070K, committed 5168K, reserved 1048576K
Event: 28.827 GC heap after
Heap after GC invocations=12 (full 3):
 PSYoungGen      total 43520K, used 10881K [0x00000000e0000000, 0x00000000e4480000, 0x0000000100000000)
  eden space 28160K, 0% used [0x00000000e0000000,0x00000000e0000000,0x00000000e1b80000)
  from space 15360K, 70% used [0x00000000e1b80000,0x00000000e2620508,0x00000000e2a80000)
  to   space 15872K, 0% used [0x00000000e3500000,0x00000000e3500000,0x00000000e4480000)
 ParOldGen       total 90112K, used 24094K [0x00000000a0000000, 0x00000000a5800000, 0x00000000e0000000)
  object space 90112K, 26% used [0x00000000a0000000,0x00000000a17878b8,0x00000000a5800000)
 Metaspace       used 39804K, capacity 40349K, committed 40744K, reserved 1085440K
  class space    used 4937K, capacity 5070K, committed 5168K, reserved 1048576K
}
Event: 30.240 GC heap before
{Heap before GC invocations=13 (full 3):
 PSYoungGen      total 43520K, used 39041K [0x00000000e0000000, 0x00000000e4480000, 0x0000000100000000)
  eden space 28160K, 100% used [0x00000000e0000000,0x00000000e1b80000,0x00000000e1b80000)
  from space 15360K, 70% used [0x00000000e1b80000,0x00000000e2620508,0x00000000e2a80000)
  to   space 15872K, 0% used [0x00000000e3500000,0x00000000e3500000,0x00000000e4480000)
 ParOldGen       total 90112K, used 24094K [0x00000000a0000000, 0x00000000a5800000, 0x00000000e0000000)
  object space 90112K, 26% used [0x00000000a0000000,0x00000000a17878b8,0x00000000a5800000)
 Metaspace       used 40823K, capacity 41431K, committed 41768K, reserved 1085440K
  class space    used 5002K, capacity 5147K, committed 5168K, reserved 1048576K
Event: 30.259 GC heap after
Heap after GC invocations=13 (full 3):
 PSYoungGen      total 52224K, used 12449K [0x00000000e0000000, 0x00000000e4480000, 0x0000000100000000)
  eden space 36352K, 0% used [0x00000000e0000000,0x00000000e0000000,0x00000000e2380000)
  from space 15872K, 78% used [0x00000000e3500000,0x00000000e41287c0,0x00000000e4480000)
  to   space 16896K, 0% used [0x00000000e2380000,0x00000000e2380000,0x00000000e3400000)
 ParOldGen       total 90112K, used 24102K [0x00000000a0000000, 0x00000000a5800000, 0x00000000e0000000)
  object space 90112K, 26% used [0x00000000a0000000,0x00000000a17898b8,0x00000000a5800000)
 Metaspace       used 40823K, capacity 41431K, committed 41768K, reserved 1085440K
  class space    used 5002K, capacity 5147K, committed 5168K, reserved 1048576K
}
Event: 32.978 GC heap before
{Heap before GC invocations=14 (full 3):
 PSYoungGen      total 52224K, used 48301K [0x00000000e0000000, 0x00000000e4480000, 0x0000000100000000)
  eden space 36352K, 98% used [0x00000000e0000000,0x00000000e2302c50,0x00000000e2380000)
  from space 15872K, 78% used [0x00000000e3500000,0x00000000e41287c0,0x00000000e4480000)
  to   space 16896K, 0% used [0x00000000e2380000,0x00000000e2380000,0x00000000e3400000)
 ParOldGen       total 90112K, used 24102K [0x00000000a0000000, 0x00000000a5800000, 0x00000000e0000000)
  object space 90112K, 26% used [0x00000000a0000000,0x00000000a17898b8,0x00000000a5800000)
 Metaspace       used 43085K, capacity 43711K, committed 43944K, reserved 1087488K
  class space    used 5362K, capacity 5511K, committed 5552K, reserved 1048576K
Event: 33.001 GC heap after
Heap after GC invocations=14 (full 3):
 PSYoungGen      total 53248K, used 16887K [0x00000000e0000000, 0x00000000e4480000, 0x0000000100000000)
  eden space 36352K, 0% used [0x00000000e0000000,0x00000000e0000000,0x00000000e2380000)
  from space 16896K, 99% used [0x00000000e2380000,0x00000000e33fde10,0x00000000e3400000)
  to   space 15872K, 0% used [0x00000000e3500000,0x00000000e3500000,0x00000000e4480000)
 ParOldGen       total 90112K, used 24784K [0x00000000a0000000, 0x00000000a5800000, 0x00000000e0000000)
  object space 90112K, 27% used [0x00000000a0000000,0x00000000a1834380,0x00000000a5800000)
 Metaspace       used 43085K, capacity 43711K, committed 43944K, reserved 1087488K
  class space    used 5362K, capacity 5511K, committed 5552K, reserved 1048576K
}

