# JRE version: OpenJDK Runtime Environment (8.0_152-b02) (build 1.8.0_152-release-1024-b02)
# Java VM: OpenJDK 64-Bit Server VM (25.152-b02 mixed mode windows-amd64 compressed oops)
Heap:
 PSYoungGen      total 304640K, used 147615K [0x00000000e0000000, 0x00000000f6680000, 0x0000000100000000)
  eden space 281088K, 48% used [0x00000000e0000000,0x00000000e83cb908,0x00000000f1280000)
  from space 23552K, 53% used [0x00000000f1280000,0x00000000f1edc468,0x00000000f2980000)
  to   space 22528K, 0% used [0x00000000f5080000,0x00000000f5080000,0x00000000f6680000)
 ParOldGen       total 121344K, used 56696K [0x00000000a0000000, 0x00000000a7680000, 0x00000000e0000000)
  object space 121344K, 46% used [0x00000000a0000000,0x00000000a375e220,0x00000000a7680000)
 Metaspace       used 79907K, capacity 83150K, committed 83376K, reserved 1122304K
  class space    used 10570K, capacity 11220K, committed 11260K, reserved 1048576K
GC Heap History (10 events):
Event: 50.830 GC heap before
{Heap before GC invocations=16 (full 3):
 PSYoungGen      total 211968K, used 198144K [0x00000000e0000000, 0x00000000edf80000, 0x0000000100000000)
  eden space 198144K, 100% used [0x00000000e0000000,0x00000000ec180000,0x00000000ec180000)
  from space 13824K, 0% used [0x00000000ed080000,0x00000000ed080000,0x00000000ede00000)
  to   space 15360K, 0% used [0x00000000ec180000,0x00000000ec180000,0x00000000ed080000)
 ParOldGen       total 121344K, used 38627K [0x00000000a0000000, 0x00000000a7680000, 0x00000000e0000000)
  object space 121344K, 31% used [0x00000000a0000000,0x00000000a25b8d38,0x00000000a7680000)
 Metaspace       used 67594K, capacity 69506K, committed 69680K, reserved 1110016K
  class space    used 9061K, capacity 9518K, committed 9596K, reserved 1048576K
Event: 50.855 GC heap after
Heap after GC invocations=16 (full 3):
 PSYoungGen      total 213504K, used 15240K [0x00000000e0000000, 0x00000000f0b80000, 0x0000000100000000)
  eden space 198144K, 0% used [0x00000000e0000000,0x00000000e0000000,0x00000000ec180000)
  from space 15360K, 99% used [0x00000000ec180000,0x00000000ed062248,0x00000000ed080000)
  to   space 17408K, 0% used [0x00000000efa80000,0x00000000efa80000,0x00000000f0b80000)
 ParOldGen       total 121344K, used 38635K [0x00000000a0000000, 0x00000000a7680000, 0x00000000e0000000)
  object space 121344K, 31% used [0x00000000a0000000,0x00000000a25bad38,0x00000000a7680000)
 Metaspace       used 67594K, capacity 69506K, committed 69680K, reserved 1110016K
  class space    used 9061K, capacity 9518K, committed 9596K, reserved 1048576K
}
Event: 51.920 GC heap before
{Heap before GC invocations=17 (full 3):
 PSYoungGen      total 213504K, used 213310K [0x00000000e0000000, 0x00000000f0b80000, 0x0000000100000000)
  eden space 198144K, 99% used [0x00000000e0000000,0x00000000ec16d948,0x00000000ec180000)
  from space 15360K, 99% used [0x00000000ec180000,0x00000000ed062248,0x00000000ed080000)
  to   space 17408K, 0% used [0x00000000efa80000,0x00000000efa80000,0x00000000f0b80000)
 ParOldGen       total 121344K, used 38635K [0x00000000a0000000, 0x00000000a7680000, 0x00000000e0000000)
  object space 121344K, 31% used [0x00000000a0000000,0x00000000a25bad38,0x00000000a7680000)
 Metaspace       used 68803K, capacity 70864K, committed 71088K, reserved 1110016K
  class space    used 9237K, capacity 9687K, committed 9724K, reserved 1048576K
Event: 51.941 GC heap after
Heap after GC invocations=17 (full 3):
 PSYoungGen      total 256000K, used 12724K [0x00000000e0000000, 0x00000000f1000000, 0x0000000100000000)
  eden space 238592K, 0% used [0x00000000e0000000,0x00000000e0000000,0x00000000ee900000)
  from space 17408K, 73% used [0x00000000efa80000,0x00000000f06ed378,0x00000000f0b80000)
  to   space 17920K, 0% used [0x00000000ee900000,0x00000000ee900000,0x00000000efa80000)
 ParOldGen       total 121344K, used 38643K [0x00000000a0000000, 0x00000000a7680000, 0x00000000e0000000)
  object space 121344K, 31% used [0x00000000a0000000,0x00000000a25bcd38,0x00000000a7680000)
 Metaspace       used 68803K, capacity 70864K, committed 71088K, reserved 1110016K
  class space    used 9237K, capacity 9687K, committed 9724K, reserved 1048576K
}
Event: 57.233 GC heap before
{Heap before GC invocations=18 (full 3):
 PSYoungGen      total 256000K, used 250690K [0x00000000e0000000, 0x00000000f1000000, 0x0000000100000000)
  eden space 238592K, 99% used [0x00000000e0000000,0x00000000ee863810,0x00000000ee900000)
  from space 17408K, 73% used [0x00000000efa80000,0x00000000f06ed378,0x00000000f0b80000)
  to   space 17920K, 0% used [0x00000000ee900000,0x00000000ee900000,0x00000000efa80000)
 ParOldGen       total 121344K, used 38643K [0x00000000a0000000, 0x00000000a7680000, 0x00000000e0000000)
  object space 121344K, 31% used [0x00000000a0000000,0x00000000a25bcd38,0x00000000a7680000)
 Metaspace       used 69711K, capacity 71992K, committed 72112K, reserved 1112064K
  class space    used 9369K, capacity 9865K, committed 9980K, reserved 1048576K
Event: 57.258 GC heap after
Heap after GC invocations=18 (full 3):
 PSYoungGen      total 256512K, used 13533K [0x00000000e0000000, 0x00000000f3b80000, 0x0000000100000000)
  eden space 238592K, 0% used [0x00000000e0000000,0x00000000e0000000,0x00000000ee900000)
  from space 17920K, 75% used [0x00000000ee900000,0x00000000ef637708,0x00000000efa80000)
  to   space 18432K, 0% used [0x00000000f2980000,0x00000000f2980000,0x00000000f3b80000)
 ParOldGen       total 121344K, used 38651K [0x00000000a0000000, 0x00000000a7680000, 0x00000000e0000000)
  object space 121344K, 31% used [0x00000000a0000000,0x00000000a25bed38,0x00000000a7680000)
 Metaspace       used 69711K, capacity 71992K, committed 72112K, reserved 1112064K
  class space    used 9369K, capacity 9865K, committed 9980K, reserved 1048576K
}
Event: 68.395 GC heap before
{Heap before GC invocations=19 (full 3):
 PSYoungGen      total 256512K, used 252125K [0x00000000e0000000, 0x00000000f3b80000, 0x0000000100000000)
  eden space 238592K, 100% used [0x00000000e0000000,0x00000000ee900000,0x00000000ee900000)
  from space 17920K, 75% used [0x00000000ee900000,0x00000000ef637708,0x00000000efa80000)
  to   space 18432K, 0% used [0x00000000f2980000,0x00000000f2980000,0x00000000f3b80000)
 ParOldGen       total 121344K, used 38651K [0x00000000a0000000, 0x00000000a7680000, 0x00000000e0000000)
  object space 121344K, 31% used [0x00000000a0000000,0x00000000a25bed38,0x00000000a7680000)
 Metaspace       used 78733K, capacity 81668K, committed 81968K, reserved 1120256K
  class space    used 10452K, capacity 11083K, committed 11132K, reserved 1048576K
Event: 68.500 GC heap after
Heap after GC invocations=19 (full 3):
 PSYoungGen      total 299520K, used 18420K [0x00000000e0000000, 0x00000000f4400000, 0x0000000100000000)
  eden space 281088K, 0% used [0x00000000e0000000,0x00000000e0000000,0x00000000f1280000)
  from space 18432K, 99% used [0x00000000f2980000,0x00000000f3b7d270,0x00000000f3b80000)
  to   space 23552K, 0% used [0x00000000f1280000,0x00000000f1280000,0x00000000f2980000)
 ParOldGen       total 121344K, used 46181K [0x00000000a0000000, 0x00000000a7680000, 0x00000000e0000000)
  object space 121344K, 38% used [0x00000000a0000000,0x00000000a2d19778,0x00000000a7680000)
 Metaspace       used 78733K, capacity 81668K, committed 81968K, reserved 1120256K
  class space    used 10452K, capacity 11083K, committed 11132K, reserved 1048576K
}
Event: 71.004 GC heap before
{Heap before GC invocations=20 (full 3):
 PSYoungGen      total 299520K, used 299508K [0x00000000e0000000, 0x00000000f4400000, 0x0000000100000000)
  eden space 281088K, 100% used [0x00000000e0000000,0x00000000f1280000,0x00000000f1280000)
  from space 18432K, 99% used [0x00000000f2980000,0x00000000f3b7d270,0x00000000f3b80000)
  to   space 23552K, 0% used [0x00000000f1280000,0x00000000f1280000,0x00000000f2980000)
 ParOldGen       total 121344K, used 46181K [0x00000000a0000000, 0x00000000a7680000, 0x00000000e0000000)
  object space 121344K, 38% used [0x00000000a0000000,0x00000000a2d19778,0x00000000a7680000)
 Metaspace       used 79837K, capacity 83078K, committed 83376K, reserved 1122304K
  class space    used 10566K, capacity 11220K, committed 11260K, reserved 1048576K
Event: 71.056 GC heap after
Heap after GC invocations=20 (full 3):
 PSYoungGen      total 304640K, used 12657K [0x00000000e0000000, 0x00000000f6680000, 0x0000000100000000)
  eden space 281088K, 0% used [0x00000000e0000000,0x00000000e0000000,0x00000000f1280000)
  from space 23552K, 53% used [0x00000000f1280000,0x00000000f1edc468,0x00000000f2980000)
  to   space 22528K, 0% used [0x00000000f5080000,0x00000000f5080000,0x00000000f6680000)
 ParOldGen       total 121344K, used 56696K [0x00000000a0000000, 0x00000000a7680000, 0x00000000e0000000)
  object space 121344K, 46% used [0x00000000a0000000,0x00000000a375e220,0x00000000a7680000)
 Metaspace       used 79837K, capacity 83078K, committed 83376K, reserved 1122304K
  class space    used 10566K, capacity 11220K, committed 11260K, reserved 1048576K
}

