# JRE version: OpenJDK Runtime Environment (8.0_152-b02) (build 1.8.0_152-release-1024-b02)
# Java VM: OpenJDK 64-Bit Server VM (25.152-b02 mixed mode windows-amd64 compressed oops)
Heap:
 PSYoungGen      total 191488K, used 182468K [0x00000000e0000000, 0x00000000edd80000, 0x0000000100000000)
  eden space 162816K, 100% used [0x00000000e0000000,0x00000000e9f00000,0x00000000e9f00000)
  from space 28672K, 68% used [0x00000000ebb80000,0x00000000eceb1040,0x00000000ed780000)
  to   space 29184K, 44% used [0x00000000e9f00000,0x00000000eaba0030,0x00000000ebb80000)
 ParOldGen       total 133120K, used 31536K [0x00000000a0000000, 0x00000000a8200000, 0x00000000e0000000)
  object space 133120K, 23% used [0x00000000a0000000,0x00000000a1ecc2e0,0x00000000a8200000)
 Metaspace       used 89108K, capacity 94561K, committed 94808K, reserved 1132544K
  class space    used 11222K, capacity 12125K, committed 12160K, reserved 1048576K
GC Heap History (10 events):
Event: 17092.189 GC heap before
{Heap before GC invocations=39 (full 7):
 PSYoungGen      total 159744K, used 159600K [0x00000000e0000000, 0x00000000eb400000, 0x0000000100000000)
  eden space 144384K, 100% used [0x00000000e0000000,0x00000000e8d00000,0x00000000e8d00000)
  from space 15360K, 99% used [0x00000000e9300000,0x00000000ea1dc030,0x00000000ea200000)
  to   space 18432K, 0% used [0x00000000ea200000,0x00000000ea200000,0x00000000eb400000)
 ParOldGen       total 133120K, used 26275K [0x00000000a0000000, 0x00000000a8200000, 0x00000000e0000000)
  object space 133120K, 19% used [0x00000000a0000000,0x00000000a19a8ce8,0x00000000a8200000)
 Metaspace       used 88436K, capacity 93411K, committed 93656K, reserved 1130496K
  class space    used 11144K, capacity 12011K, committed 12032K, reserved 1048576K
Event: 17092.226 GC heap after
Heap after GC invocations=39 (full 7):
 PSYoungGen      total 158720K, used 18400K [0x00000000e0000000, 0x00000000eb800000, 0x0000000100000000)
  eden space 140288K, 0% used [0x00000000e0000000,0x00000000e0000000,0x00000000e8900000)
  from space 18432K, 99% used [0x00000000ea200000,0x00000000eb3f8040,0x00000000eb400000)
  to   space 24064K, 0% used [0x00000000e8900000,0x00000000e8900000,0x00000000ea080000)
 ParOldGen       total 133120K, used 31528K [0x00000000a0000000, 0x00000000a8200000, 0x00000000e0000000)
  object space 133120K, 23% used [0x00000000a0000000,0x00000000a1eca2e0,0x00000000a8200000)
 Metaspace       used 88436K, capacity 93411K, committed 93656K, reserved 1130496K
  class space    used 11144K, capacity 12011K, committed 12032K, reserved 1048576K
}
Event: 17330.797 GC heap before
{Heap before GC invocations=40 (full 7):
 PSYoungGen      total 158720K, used 158688K [0x00000000e0000000, 0x00000000eb800000, 0x0000000100000000)
  eden space 140288K, 100% used [0x00000000e0000000,0x00000000e8900000,0x00000000e8900000)
  from space 18432K, 99% used [0x00000000ea200000,0x00000000eb3f8040,0x00000000eb400000)
  to   space 24064K, 0% used [0x00000000e8900000,0x00000000e8900000,0x00000000ea080000)
 ParOldGen       total 133120K, used 31528K [0x00000000a0000000, 0x00000000a8200000, 0x00000000e0000000)
  object space 133120K, 23% used [0x00000000a0000000,0x00000000a1eca2e0,0x00000000a8200000)
 Metaspace       used 88580K, capacity 93679K, committed 94040K, reserved 1130496K
  class space    used 11162K, capacity 12043K, committed 12160K, reserved 1048576K
Event: 17330.829 GC heap after
Heap after GC invocations=40 (full 7):
 PSYoungGen      total 155648K, used 19283K [0x00000000e0000000, 0x00000000eb700000, 0x0000000100000000)
  eden space 136192K, 0% used [0x00000000e0000000,0x00000000e0000000,0x00000000e8500000)
  from space 19456K, 99% used [0x00000000e8900000,0x00000000e9bd4de8,0x00000000e9c00000)
  to   space 25600K, 0% used [0x00000000e9e00000,0x00000000e9e00000,0x00000000eb700000)
 ParOldGen       total 133120K, used 31536K [0x00000000a0000000, 0x00000000a8200000, 0x00000000e0000000)
  object space 133120K, 23% used [0x00000000a0000000,0x00000000a1ecc2e0,0x00000000a8200000)
 Metaspace       used 88580K, capacity 93679K, committed 94040K, reserved 1130496K
  class space    used 11162K, capacity 12043K, committed 12160K, reserved 1048576K
}
Event: 17439.270 GC heap before
{Heap before GC invocations=41 (full 7):
 PSYoungGen      total 155648K, used 155475K [0x00000000e0000000, 0x00000000eb700000, 0x0000000100000000)
  eden space 136192K, 100% used [0x00000000e0000000,0x00000000e8500000,0x00000000e8500000)
  from space 19456K, 99% used [0x00000000e8900000,0x00000000e9bd4de8,0x00000000e9c00000)
  to   space 25600K, 0% used [0x00000000e9e00000,0x00000000e9e00000,0x00000000eb700000)
 ParOldGen       total 133120K, used 31536K [0x00000000a0000000, 0x00000000a8200000, 0x00000000e0000000)
  object space 133120K, 23% used [0x00000000a0000000,0x00000000a1ecc2e0,0x00000000a8200000)
 Metaspace       used 88826K, capacity 94193K, committed 94296K, reserved 1132544K
  class space    used 11194K, capacity 12094K, committed 12160K, reserved 1048576K
Event: 17439.306 GC heap after
Heap after GC invocations=41 (full 7):
 PSYoungGen      total 158208K, used 20625K [0x00000000e0000000, 0x00000000eb780000, 0x0000000100000000)
  eden space 132608K, 0% used [0x00000000e0000000,0x00000000e0000000,0x00000000e8180000)
  from space 25600K, 80% used [0x00000000e9e00000,0x00000000eb224490,0x00000000eb700000)
  to   space 27648K, 0% used [0x00000000e8180000,0x00000000e8180000,0x00000000e9c80000)
 ParOldGen       total 133120K, used 31536K [0x00000000a0000000, 0x00000000a8200000, 0x00000000e0000000)
  object space 133120K, 23% used [0x00000000a0000000,0x00000000a1ecc2e0,0x00000000a8200000)
 Metaspace       used 88826K, capacity 94193K, committed 94296K, reserved 1132544K
  class space    used 11194K, capacity 12094K, committed 12160K, reserved 1048576K
}
Event: 17439.356 GC heap before
{Heap before GC invocations=42 (full 7):
 PSYoungGen      total 158208K, used 152582K [0x00000000e0000000, 0x00000000eb780000, 0x0000000100000000)
  eden space 132608K, 99% used [0x00000000e0000000,0x00000000e80dd4d8,0x00000000e8180000)
  from space 25600K, 80% used [0x00000000e9e00000,0x00000000eb224490,0x00000000eb700000)
  to   space 27648K, 0% used [0x00000000e8180000,0x00000000e8180000,0x00000000e9c80000)
 ParOldGen       total 133120K, used 31536K [0x00000000a0000000, 0x00000000a8200000, 0x00000000e0000000)
  object space 133120K, 23% used [0x00000000a0000000,0x00000000a1ecc2e0,0x00000000a8200000)
 Metaspace       used 88832K, capacity 94193K, committed 94296K, reserved 1132544K
  class space    used 11194K, capacity 12094K, committed 12160K, reserved 1048576K
Event: 17439.385 GC heap after
Heap after GC invocations=42 (full 7):
 PSYoungGen      total 160256K, used 19890K [0x00000000e0000000, 0x00000000ed780000, 0x0000000100000000)
  eden space 132608K, 0% used [0x00000000e0000000,0x00000000e0000000,0x00000000e8180000)
  from space 27648K, 71% used [0x00000000e8180000,0x00000000e94eca70,0x00000000e9c80000)
  to   space 28672K, 0% used [0x00000000ebb80000,0x00000000ebb80000,0x00000000ed780000)
 ParOldGen       total 133120K, used 31536K [0x00000000a0000000, 0x00000000a8200000, 0x00000000e0000000)
  object space 133120K, 23% used [0x00000000a0000000,0x00000000a1ecc2e0,0x00000000a8200000)
 Metaspace       used 88832K, capacity 94193K, committed 94296K, reserved 1132544K
  class space    used 11194K, capacity 12094K, committed 12160K, reserved 1048576K
}
Event: 17439.409 GC heap before
{Heap before GC invocations=43 (full 7):
 PSYoungGen      total 160256K, used 151768K [0x00000000e0000000, 0x00000000ed780000, 0x0000000100000000)
  eden space 132608K, 99% used [0x00000000e0000000,0x00000000e80c98f0,0x00000000e8180000)
  from space 27648K, 71% used [0x00000000e8180000,0x00000000e94eca70,0x00000000e9c80000)
  to   space 28672K, 0% used [0x00000000ebb80000,0x00000000ebb80000,0x00000000ed780000)
 ParOldGen       total 133120K, used 31536K [0x00000000a0000000, 0x00000000a8200000, 0x00000000e0000000)
  object space 133120K, 23% used [0x00000000a0000000,0x00000000a1ecc2e0,0x00000000a8200000)
 Metaspace       used 88833K, capacity 94193K, committed 94296K, reserved 1132544K
  class space    used 11194K, capacity 12094K, committed 12160K, reserved 1048576K
Event: 17439.450 GC heap after
Heap after GC invocations=43 (full 7):
 PSYoungGen      total 191488K, used 19652K [0x00000000e0000000, 0x00000000edd80000, 0x0000000100000000)
  eden space 162816K, 0% used [0x00000000e0000000,0x00000000e0000000,0x00000000e9f00000)
  from space 28672K, 68% used [0x00000000ebb80000,0x00000000eceb1040,0x00000000ed780000)
  to   space 29184K, 0% used [0x00000000e9f00000,0x00000000e9f00000,0x00000000ebb80000)
 ParOldGen       total 133120K, used 31536K [0x00000000a0000000, 0x00000000a8200000, 0x00000000e0000000)
  object space 133120K, 23% used [0x00000000a0000000,0x00000000a1ecc2e0,0x00000000a8200000)
 Metaspace       used 88833K, capacity 94193K, committed 94296K, reserved 1132544K
  class space    used 11194K, capacity 12094K, committed 12160K, reserved 1048576K
}

