# JRE version: OpenJDK Runtime Environment (8.0_152-b02) (build 1.8.0_152-release-1024-b02)
# Java VM: OpenJDK 64-Bit Server VM (25.152-b02 mixed mode windows-amd64 compressed oops)
Heap:
 PSYoungGen      total 432128K, used 355657K [0x00000000e0000000, 0x00000000fec80000, 0x0000000100000000)
  eden space 430592K, 82% used [0x00000000e0000000,0x00000000f5b52620,0x00000000fa480000)
  from space 1536K, 0% used [0x00000000fb680000,0x00000000fb680000,0x00000000fb800000)
  to   space 36864K, 0% used [0x00000000fc880000,0x00000000fc880000,0x00000000fec80000)
 ParOldGen       total 194048K, used 60401K [0x00000000a0000000, 0x00000000abd80000, 0x00000000e0000000)
  object space 194048K, 31% used [0x00000000a0000000,0x00000000a3afc598,0x00000000abd80000)
 Metaspace       used 97993K, capacity 102158K, committed 102872K, reserved 1138688K
  class space    used 12191K, capacity 13074K, committed 13312K, reserved 1048576K
GC Heap History (10 events):
Event: 931.885 GC heap before
{Heap before GC invocations=37 (full 3):
 PSYoungGen      total 484864K, used 457908K [0x00000000e0000000, 0x00000000ffd00000, 0x0000000100000000)
  eden space 448512K, 99% used [0x00000000e0000000,0x00000000fb5d2c20,0x00000000fb600000)
  from space 36352K, 26% used [0x00000000fb600000,0x00000000fbf5a448,0x00000000fd980000)
  to   space 33792K, 0% used [0x00000000fdc00000,0x00000000fdc00000,0x00000000ffd00000)
 ParOldGen       total 137728K, used 100520K [0x00000000a0000000, 0x00000000a8680000, 0x00000000e0000000)
  object space 137728K, 72% used [0x00000000a0000000,0x00000000a622a2b8,0x00000000a8680000)
 Metaspace       used 91407K, capacity 95590K, committed 95832K, reserved 1132544K
  class space    used 11448K, capacity 12351K, committed 12416K, reserved 1048576K
Event: 931.894 GC heap after
Heap after GC invocations=37 (full 3):
 PSYoungGen      total 487424K, used 1824K [0x00000000e0000000, 0x00000000ffc80000, 0x0000000100000000)
  eden space 454144K, 0% used [0x00000000e0000000,0x00000000e0000000,0x00000000fbb80000)
  from space 33280K, 5% used [0x00000000fdc00000,0x00000000fddc80f8,0x00000000ffc80000)
  to   space 33280K, 0% used [0x00000000fbb80000,0x00000000fbb80000,0x00000000fdc00000)
 ParOldGen       total 137728K, used 100536K [0x00000000a0000000, 0x00000000a8680000, 0x00000000e0000000)
  object space 137728K, 72% used [0x00000000a0000000,0x00000000a622e2b8,0x00000000a8680000)
 Metaspace       used 91407K, capacity 95590K, committed 95832K, reserved 1132544K
  class space    used 11448K, capacity 12351K, committed 12416K, reserved 1048576K
}
Event: 938.449 GC heap before
{Heap before GC invocations=38 (full 3):
 PSYoungGen      total 487424K, used 455968K [0x00000000e0000000, 0x00000000ffc80000, 0x0000000100000000)
  eden space 454144K, 100% used [0x00000000e0000000,0x00000000fbb80000,0x00000000fbb80000)
  from space 33280K, 5% used [0x00000000fdc00000,0x00000000fddc80f8,0x00000000ffc80000)
  to   space 33280K, 0% used [0x00000000fbb80000,0x00000000fbb80000,0x00000000fdc00000)
 ParOldGen       total 137728K, used 100536K [0x00000000a0000000, 0x00000000a8680000, 0x00000000e0000000)
  object space 137728K, 72% used [0x00000000a0000000,0x00000000a622e2b8,0x00000000a8680000)
 Metaspace       used 92115K, capacity 96382K, committed 96728K, reserved 1134592K
  class space    used 11508K, capacity 12419K, committed 12544K, reserved 1048576K
Event: 938.501 GC heap after
Heap after GC invocations=38 (full 3):
 PSYoungGen      total 486400K, used 32123K [0x00000000e0000000, 0x0000000100000000, 0x0000000100000000)
  eden space 454144K, 0% used [0x00000000e0000000,0x00000000e0000000,0x00000000fbb80000)
  from space 32256K, 99% used [0x00000000fbb80000,0x00000000fdadec90,0x00000000fdb00000)
  to   space 37888K, 0% used [0x00000000fdb00000,0x00000000fdb00000,0x0000000100000000)
 ParOldGen       total 137728K, used 100568K [0x00000000a0000000, 0x00000000a8680000, 0x00000000e0000000)
  object space 137728K, 73% used [0x00000000a0000000,0x00000000a62362b8,0x00000000a8680000)
 Metaspace       used 92115K, capacity 96382K, committed 96728K, reserved 1134592K
  class space    used 11508K, capacity 12419K, committed 12544K, reserved 1048576K
}
Event: 942.369 GC heap before
{Heap before GC invocations=39 (full 3):
 PSYoungGen      total 486400K, used 485611K [0x00000000e0000000, 0x0000000100000000, 0x0000000100000000)
  eden space 454144K, 99% used [0x00000000e0000000,0x00000000fbadc290,0x00000000fbb80000)
  from space 32256K, 99% used [0x00000000fbb80000,0x00000000fdadec90,0x00000000fdb00000)
  to   space 37888K, 0% used [0x00000000fdb00000,0x00000000fdb00000,0x0000000100000000)
 ParOldGen       total 137728K, used 100568K [0x00000000a0000000, 0x00000000a8680000, 0x00000000e0000000)
  object space 137728K, 73% used [0x00000000a0000000,0x00000000a62362b8,0x00000000a8680000)
 Metaspace       used 92902K, capacity 97178K, committed 97240K, reserved 1134592K
  class space    used 11603K, capacity 12503K, committed 12544K, reserved 1048576K
Event: 942.377 GC heap after
Heap after GC invocations=39 (full 3):
 PSYoungGen      total 486912K, used 5607K [0x00000000e0000000, 0x0000000100000000, 0x0000000100000000)
  eden space 449024K, 0% used [0x00000000e0000000,0x00000000e0000000,0x00000000fb680000)
  from space 37888K, 14% used [0x00000000fdb00000,0x00000000fe079f60,0x0000000100000000)
  to   space 37376K, 0% used [0x00000000fb680000,0x00000000fb680000,0x00000000fdb00000)
 ParOldGen       total 137728K, used 101328K [0x00000000a0000000, 0x00000000a8680000, 0x00000000e0000000)
  object space 137728K, 73% used [0x00000000a0000000,0x00000000a62f4328,0x00000000a8680000)
 Metaspace       used 92902K, capacity 97178K, committed 97240K, reserved 1134592K
  class space    used 11603K, capacity 12503K, committed 12544K, reserved 1048576K
}
Event: 1664.261 GC heap before
{Heap before GC invocations=40 (full 3):
 PSYoungGen      total 486912K, used 105360K [0x00000000e0000000, 0x0000000100000000, 0x0000000100000000)
  eden space 449024K, 22% used [0x00000000e0000000,0x00000000e616a278,0x00000000fb680000)
  from space 37888K, 14% used [0x00000000fdb00000,0x00000000fe079f60,0x0000000100000000)
  to   space 37376K, 0% used [0x00000000fb680000,0x00000000fb680000,0x00000000fdb00000)
 ParOldGen       total 137728K, used 101328K [0x00000000a0000000, 0x00000000a8680000, 0x00000000e0000000)
  object space 137728K, 73% used [0x00000000a0000000,0x00000000a62f4328,0x00000000a8680000)
 Metaspace       used 93842K, capacity 98206K, committed 98280K, reserved 1134592K
  class space    used 11726K, capacity 12657K, committed 12672K, reserved 1048576K
Event: 1664.268 GC heap after
Heap after GC invocations=40 (full 3):
 PSYoungGen      total 432128K, used 1255K [0x00000000e0000000, 0x00000000fec80000, 0x0000000100000000)
  eden space 430592K, 0% used [0x00000000e0000000,0x00000000e0000000,0x00000000fa480000)
  from space 1536K, 81% used [0x00000000fb680000,0x00000000fb7b9fc8,0x00000000fb800000)
  to   space 36864K, 0% used [0x00000000fc880000,0x00000000fc880000,0x00000000fec80000)
 ParOldGen       total 137728K, used 101688K [0x00000000a0000000, 0x00000000a8680000, 0x00000000e0000000)
  object space 137728K, 73% used [0x00000000a0000000,0x00000000a634e358,0x00000000a8680000)
 Metaspace       used 93842K, capacity 98206K, committed 98280K, reserved 1134592K
  class space    used 11726K, capacity 12657K, committed 12672K, reserved 1048576K
}
Event: 1664.268 GC heap before
{Heap before GC invocations=41 (full 4):
 PSYoungGen      total 432128K, used 1255K [0x00000000e0000000, 0x00000000fec80000, 0x0000000100000000)
  eden space 430592K, 0% used [0x00000000e0000000,0x00000000e0000000,0x00000000fa480000)
  from space 1536K, 81% used [0x00000000fb680000,0x00000000fb7b9fc8,0x00000000fb800000)
  to   space 36864K, 0% used [0x00000000fc880000,0x00000000fc880000,0x00000000fec80000)
 ParOldGen       total 137728K, used 101688K [0x00000000a0000000, 0x00000000a8680000, 0x00000000e0000000)
  object space 137728K, 73% used [0x00000000a0000000,0x00000000a634e358,0x00000000a8680000)
 Metaspace       used 93842K, capacity 98206K, committed 98280K, reserved 1134592K
  class space    used 11726K, capacity 12657K, committed 12672K, reserved 1048576K
Event: 1664.705 GC heap after
Heap after GC invocations=41 (full 4):
 PSYoungGen      total 432128K, used 0K [0x00000000e0000000, 0x00000000fec80000, 0x0000000100000000)
  eden space 430592K, 0% used [0x00000000e0000000,0x00000000e0000000,0x00000000fa480000)
  from space 1536K, 0% used [0x00000000fb680000,0x00000000fb680000,0x00000000fb800000)
  to   space 36864K, 0% used [0x00000000fc880000,0x00000000fc880000,0x00000000fec80000)
 ParOldGen       total 194048K, used 60401K [0x00000000a0000000, 0x00000000abd80000, 0x00000000e0000000)
  object space 194048K, 31% used [0x00000000a0000000,0x00000000a3afc598,0x00000000abd80000)
 Metaspace       used 93238K, capacity 97154K, committed 98280K, reserved 1134592K
  class space    used 11607K, capacity 12443K, committed 12672K, reserved 1048576K
}

