# JRE version: OpenJDK Runtime Environment (8.0_152-b02) (build 1.8.0_152-release-1024-b02)
# Java VM: OpenJDK 64-Bit Server VM (25.152-b02 mixed mode windows-amd64 compressed oops)
Heap:
 PSYoungGen      total 78336K, used 38871K [0x00000000e0000000, 0x00000000e6c00000, 0x0000000100000000)
  eden space 51712K, 23% used [0x00000000e0000000,0x00000000e0bfdef0,0x00000000e3280000)
  from space 26624K, 99% used [0x00000000e3280000,0x00000000e4c78030,0x00000000e4c80000)
  to   space 23552K, 0% used [0x00000000e4c80000,0x00000000e4c80000,0x00000000e6380000)
 ParOldGen       total 124416K, used 26718K [0x00000000a0000000, 0x00000000a7980000, 0x00000000e0000000)
  object space 124416K, 21% used [0x00000000a0000000,0x00000000a1a17bf8,0x00000000a7980000)
 Metaspace       used 50277K, capacity 51141K, committed 51496K, reserved 1093632K
  class space    used 6134K, capacity 6322K, committed 6448K, reserved 1048576K
GC Heap History (10 events):
Event: 22.021 GC heap before
{Heap before GC invocations=12 (full 3):
 PSYoungGen      total 52736K, used 47165K [0x00000000e0000000, 0x00000000e4180000, 0x0000000100000000)
  eden space 38400K, 100% used [0x00000000e0000000,0x00000000e2580000,0x00000000e2580000)
  from space 14336K, 61% used [0x00000000e3380000,0x00000000e3c0f620,0x00000000e4180000)
  to   space 14336K, 0% used [0x00000000e2580000,0x00000000e2580000,0x00000000e3380000)
 ParOldGen       total 124416K, used 17832K [0x00000000a0000000, 0x00000000a7980000, 0x00000000e0000000)
  object space 124416K, 14% used [0x00000000a0000000,0x00000000a116a0a8,0x00000000a7980000)
 Metaspace       used 40745K, capacity 41283K, committed 41512K, reserved 1085440K
  class space    used 4994K, capacity 5141K, committed 5168K, reserved 1048576K
Event: 22.040 GC heap after
Heap after GC invocations=12 (full 3):
 PSYoungGen      total 52736K, used 13731K [0x00000000e0000000, 0x00000000e4f00000, 0x0000000100000000)
  eden space 38400K, 0% used [0x00000000e0000000,0x00000000e0000000,0x00000000e2580000)
  from space 14336K, 95% used [0x00000000e2580000,0x00000000e32e8d80,0x00000000e3380000)
  to   space 15872K, 0% used [0x00000000e3f80000,0x00000000e3f80000,0x00000000e4f00000)
 ParOldGen       total 124416K, used 17840K [0x00000000a0000000, 0x00000000a7980000, 0x00000000e0000000)
  object space 124416K, 14% used [0x00000000a0000000,0x00000000a116c0a8,0x00000000a7980000)
 Metaspace       used 40745K, capacity 41283K, committed 41512K, reserved 1085440K
  class space    used 4994K, capacity 5141K, committed 5168K, reserved 1048576K
}
Event: 24.867 GC heap before
{Heap before GC invocations=13 (full 3):
 PSYoungGen      total 52736K, used 51812K [0x00000000e0000000, 0x00000000e4f00000, 0x0000000100000000)
  eden space 38400K, 99% used [0x00000000e0000000,0x00000000e2530620,0x00000000e2580000)
  from space 14336K, 95% used [0x00000000e2580000,0x00000000e32e8d80,0x00000000e3380000)
  to   space 15872K, 0% used [0x00000000e3f80000,0x00000000e3f80000,0x00000000e4f00000)
 ParOldGen       total 124416K, used 17840K [0x00000000a0000000, 0x00000000a7980000, 0x00000000e0000000)
  object space 124416K, 14% used [0x00000000a0000000,0x00000000a116c0a8,0x00000000a7980000)
 Metaspace       used 43098K, capacity 43699K, committed 43944K, reserved 1087488K
  class space    used 5360K, capacity 5511K, committed 5552K, reserved 1048576K
Event: 24.892 GC heap after
Heap after GC invocations=13 (full 3):
 PSYoungGen      total 61440K, used 15853K [0x00000000e0000000, 0x00000000e5080000, 0x0000000100000000)
  eden space 45568K, 0% used [0x00000000e0000000,0x00000000e0000000,0x00000000e2c80000)
  from space 15872K, 99% used [0x00000000e3f80000,0x00000000e4efb5f8,0x00000000e4f00000)
  to   space 18432K, 0% used [0x00000000e2c80000,0x00000000e2c80000,0x00000000e3e80000)
 ParOldGen       total 124416K, used 19606K [0x00000000a0000000, 0x00000000a7980000, 0x00000000e0000000)
  object space 124416K, 15% used [0x00000000a0000000,0x00000000a13258d0,0x00000000a7980000)
 Metaspace       used 43098K, capacity 43699K, committed 43944K, reserved 1087488K
  class space    used 5360K, capacity 5511K, committed 5552K, reserved 1048576K
}
Event: 28.345 GC heap before
{Heap before GC invocations=14 (full 3):
 PSYoungGen      total 61440K, used 61421K [0x00000000e0000000, 0x00000000e5080000, 0x0000000100000000)
  eden space 45568K, 100% used [0x00000000e0000000,0x00000000e2c80000,0x00000000e2c80000)
  from space 15872K, 99% used [0x00000000e3f80000,0x00000000e4efb5f8,0x00000000e4f00000)
  to   space 18432K, 0% used [0x00000000e2c80000,0x00000000e2c80000,0x00000000e3e80000)
 ParOldGen       total 124416K, used 19606K [0x00000000a0000000, 0x00000000a7980000, 0x00000000e0000000)
  object space 124416K, 15% used [0x00000000a0000000,0x00000000a13258d0,0x00000000a7980000)
 Metaspace       used 47372K, capacity 48141K, committed 48424K, reserved 1091584K
  class space    used 5905K, capacity 6066K, committed 6192K, reserved 1048576K
Event: 28.380 GC heap after
Heap after GC invocations=14 (full 3):
 PSYoungGen      total 64000K, used 18428K [0x00000000e0000000, 0x00000000e6380000, 0x0000000100000000)
  eden space 45568K, 0% used [0x00000000e0000000,0x00000000e0000000,0x00000000e2c80000)
  from space 18432K, 99% used [0x00000000e2c80000,0x00000000e3e7f388,0x00000000e3e80000)
  to   space 23552K, 0% used [0x00000000e4c80000,0x00000000e4c80000,0x00000000e6380000)
 ParOldGen       total 124416K, used 26112K [0x00000000a0000000, 0x00000000a7980000, 0x00000000e0000000)
  object space 124416K, 20% used [0x00000000a0000000,0x00000000a19802d0,0x00000000a7980000)
 Metaspace       used 47372K, capacity 48141K, committed 48424K, reserved 1091584K
  class space    used 5905K, capacity 6066K, committed 6192K, reserved 1048576K
}
Event: 30.847 GC heap before
{Heap before GC invocations=15 (full 3):
 PSYoungGen      total 64000K, used 63996K [0x00000000e0000000, 0x00000000e6380000, 0x0000000100000000)
  eden space 45568K, 100% used [0x00000000e0000000,0x00000000e2c80000,0x00000000e2c80000)
  from space 18432K, 99% used [0x00000000e2c80000,0x00000000e3e7f388,0x00000000e3e80000)
  to   space 23552K, 0% used [0x00000000e4c80000,0x00000000e4c80000,0x00000000e6380000)
 ParOldGen       total 124416K, used 26112K [0x00000000a0000000, 0x00000000a7980000, 0x00000000e0000000)
  object space 124416K, 20% used [0x00000000a0000000,0x00000000a19802d0,0x00000000a7980000)
 Metaspace       used 49167K, capacity 49923K, committed 50344K, reserved 1093632K
  class space    used 6057K, capacity 6243K, committed 6320K, reserved 1048576K
Event: 30.911 GC heap after
Heap after GC invocations=15 (full 3):
 PSYoungGen      total 75264K, used 23285K [0x00000000e0000000, 0x00000000e6c00000, 0x0000000100000000)
  eden space 51712K, 0% used [0x00000000e0000000,0x00000000e0000000,0x00000000e3280000)
  from space 23552K, 98% used [0x00000000e4c80000,0x00000000e633d678,0x00000000e6380000)
  to   space 26624K, 0% used [0x00000000e3280000,0x00000000e3280000,0x00000000e4c80000)
 ParOldGen       total 124416K, used 26120K [0x00000000a0000000, 0x00000000a7980000, 0x00000000e0000000)
  object space 124416K, 20% used [0x00000000a0000000,0x00000000a19822d0,0x00000000a7980000)
 Metaspace       used 49167K, capacity 49923K, committed 50344K, reserved 1093632K
  class space    used 6057K, capacity 6243K, committed 6320K, reserved 1048576K
}
Event: 33.759 GC heap before
{Heap before GC invocations=16 (full 3):
 PSYoungGen      total 75264K, used 74997K [0x00000000e0000000, 0x00000000e6c00000, 0x0000000100000000)
  eden space 51712K, 100% used [0x00000000e0000000,0x00000000e3280000,0x00000000e3280000)
  from space 23552K, 98% used [0x00000000e4c80000,0x00000000e633d678,0x00000000e6380000)
  to   space 26624K, 0% used [0x00000000e3280000,0x00000000e3280000,0x00000000e4c80000)
 ParOldGen       total 124416K, used 26120K [0x00000000a0000000, 0x00000000a7980000, 0x00000000e0000000)
  object space 124416K, 20% used [0x00000000a0000000,0x00000000a19822d0,0x00000000a7980000)
 Metaspace       used 49808K, capacity 50647K, committed 50856K, reserved 1093632K
  class space    used 6092K, capacity 6285K, committed 6320K, reserved 1048576K
Event: 33.801 GC heap after
Heap after GC invocations=16 (full 3):
 PSYoungGen      total 78336K, used 26592K [0x00000000e0000000, 0x00000000e6c00000, 0x0000000100000000)
  eden space 51712K, 0% used [0x00000000e0000000,0x00000000e0000000,0x00000000e3280000)
  from space 26624K, 99% used [0x00000000e3280000,0x00000000e4c78030,0x00000000e4c80000)
  to   space 23552K, 0% used [0x00000000e4c80000,0x00000000e4c80000,0x00000000e6380000)
 ParOldGen       total 124416K, used 26718K [0x00000000a0000000, 0x00000000a7980000, 0x00000000e0000000)
  object space 124416K, 21% used [0x00000000a0000000,0x00000000a1a17bf8,0x00000000a7980000)
 Metaspace       used 49808K, capacity 50647K, committed 50856K, reserved 1093632K
  class space    used 6092K, capacity 6285K, committed 6320K, reserved 1048576K
}

