# JRE version: OpenJDK Runtime Environment (8.0_152-b02) (build 1.8.0_152-release-1024-b02)
# Java VM: OpenJDK 64-Bit Server VM (25.152-b02 mixed mode windows-amd64 compressed oops)
Heap:
 PSYoungGen      total 220160K, used 122907K [0x00000000e0000000, 0x00000000f2780000, 0x0000000100000000)
  eden space 174592K, 53% used [0x00000000e0000000,0x00000000e5c04ff8,0x00000000eaa80000)
  from space 45568K, 62% used [0x00000000eaa80000,0x00000000ec681cf0,0x00000000ed700000)
  to   space 47104K, 0% used [0x00000000ef980000,0x00000000ef980000,0x00000000f2780000)
 ParOldGen       total 185856K, used 22865K [0x00000000a0000000, 0x00000000ab580000, 0x00000000e0000000)
  object space 185856K, 12% used [0x00000000a0000000,0x00000000a16547f0,0x00000000ab580000)
 Metaspace       used 63073K, capacity 64685K, committed 64920K, reserved 1105920K
  class space    used 7114K, capacity 7462K, committed 7576K, reserved 1048576K
GC Heap History (10 events):
Event: 7801.117 GC heap before
{Heap before GC invocations=27 (full 6):
 PSYoungGen      total 196096K, used 128K [0x00000000e0000000, 0x00000000ee800000, 0x0000000100000000)
  eden space 155136K, 0% used [0x00000000e0000000,0x00000000e0000000,0x00000000e9780000)
  from space 40960K, 0% used [0x00000000e9780000,0x00000000e97a0000,0x00000000ebf80000)
  to   space 40960K, 0% used [0x00000000ec000000,0x00000000ec000000,0x00000000ee800000)
 ParOldGen       total 185856K, used 12109K [0x00000000a0000000, 0x00000000ab580000, 0x00000000e0000000)
  object space 185856K, 6% used [0x00000000a0000000,0x00000000a0bd34a0,0x00000000ab580000)
 Metaspace       used 59966K, capacity 60997K, committed 62488K, reserved 1103872K
  class space    used 6881K, capacity 7112K, committed 7448K, reserved 1048576K
Event: 7801.298 GC heap after
Heap after GC invocations=27 (full 6):
 PSYoungGen      total 196096K, used 0K [0x00000000e0000000, 0x00000000ee800000, 0x0000000100000000)
  eden space 155136K, 0% used [0x00000000e0000000,0x00000000e0000000,0x00000000e9780000)
  from space 40960K, 0% used [0x00000000e9780000,0x00000000e9780000,0x00000000ebf80000)
  to   space 40960K, 0% used [0x00000000ec000000,0x00000000ec000000,0x00000000ee800000)
 ParOldGen       total 185856K, used 10688K [0x00000000a0000000, 0x00000000ab580000, 0x00000000e0000000)
  object space 185856K, 5% used [0x00000000a0000000,0x00000000a0a702c8,0x00000000ab580000)
 Metaspace       used 59892K, capacity 60877K, committed 62488K, reserved 1103872K
  class space    used 6870K, capacity 7092K, committed 7448K, reserved 1048576K
}
Event: 8733.993 GC heap before
{Heap before GC invocations=28 (full 6):
 PSYoungGen      total 196096K, used 155136K [0x00000000e0000000, 0x00000000ee800000, 0x0000000100000000)
  eden space 155136K, 100% used [0x00000000e0000000,0x00000000e9780000,0x00000000e9780000)
  from space 40960K, 0% used [0x00000000e9780000,0x00000000e9780000,0x00000000ebf80000)
  to   space 40960K, 0% used [0x00000000ec000000,0x00000000ec000000,0x00000000ee800000)
 ParOldGen       total 185856K, used 10688K [0x00000000a0000000, 0x00000000ab580000, 0x00000000e0000000)
  object space 185856K, 5% used [0x00000000a0000000,0x00000000a0a702c8,0x00000000ab580000)
 Metaspace       used 60672K, capacity 61801K, committed 62488K, reserved 1103872K
  class space    used 6931K, capacity 7196K, committed 7448K, reserved 1048576K
Event: 8734.059 GC heap after
Heap after GC invocations=28 (full 6):
 PSYoungGen      total 193536K, used 30336K [0x00000000e0000000, 0x00000000f0b00000, 0x0000000100000000)
  eden space 152576K, 0% used [0x00000000e0000000,0x00000000e0000000,0x00000000e9500000)
  from space 40960K, 74% used [0x00000000ec000000,0x00000000edda0180,0x00000000ee800000)
  to   space 44032K, 0% used [0x00000000e9500000,0x00000000e9500000,0x00000000ec000000)
 ParOldGen       total 185856K, used 10696K [0x00000000a0000000, 0x00000000ab580000, 0x00000000e0000000)
  object space 185856K, 5% used [0x00000000a0000000,0x00000000a0a722c8,0x00000000ab580000)
 Metaspace       used 60672K, capacity 61801K, committed 62488K, reserved 1103872K
  class space    used 6931K, capacity 7196K, committed 7448K, reserved 1048576K
}
Event: 8959.501 GC heap before
{Heap before GC invocations=29 (full 6):
 PSYoungGen      total 193536K, used 182912K [0x00000000e0000000, 0x00000000f0b00000, 0x0000000100000000)
  eden space 152576K, 100% used [0x00000000e0000000,0x00000000e9500000,0x00000000e9500000)
  from space 40960K, 74% used [0x00000000ec000000,0x00000000edda0180,0x00000000ee800000)
  to   space 44032K, 0% used [0x00000000e9500000,0x00000000e9500000,0x00000000ec000000)
 ParOldGen       total 185856K, used 10696K [0x00000000a0000000, 0x00000000ab580000, 0x00000000e0000000)
  object space 185856K, 5% used [0x00000000a0000000,0x00000000a0a722c8,0x00000000ab580000)
 Metaspace       used 61454K, capacity 62685K, committed 63000K, reserved 1105920K
  class space    used 6982K, capacity 7244K, committed 7448K, reserved 1048576K
Event: 8959.528 GC heap after
Heap after GC invocations=29 (full 6):
 PSYoungGen      total 196608K, used 10496K [0x00000000e0000000, 0x00000000f0000000, 0x0000000100000000)
  eden space 152576K, 0% used [0x00000000e0000000,0x00000000e0000000,0x00000000e9500000)
  from space 44032K, 23% used [0x00000000e9500000,0x00000000e9f40128,0x00000000ec000000)
  to   space 41984K, 0% used [0x00000000ed700000,0x00000000ed700000,0x00000000f0000000)
 ParOldGen       total 185856K, used 15472K [0x00000000a0000000, 0x00000000ab580000, 0x00000000e0000000)
  object space 185856K, 8% used [0x00000000a0000000,0x00000000a0f1c178,0x00000000ab580000)
 Metaspace       used 61454K, capacity 62685K, committed 63000K, reserved 1105920K
  class space    used 6982K, capacity 7244K, committed 7448K, reserved 1048576K
}
Event: 8961.473 GC heap before
{Heap before GC invocations=30 (full 6):
 PSYoungGen      total 196608K, used 163072K [0x00000000e0000000, 0x00000000f0000000, 0x0000000100000000)
  eden space 152576K, 100% used [0x00000000e0000000,0x00000000e9500000,0x00000000e9500000)
  from space 44032K, 23% used [0x00000000e9500000,0x00000000e9f40128,0x00000000ec000000)
  to   space 41984K, 0% used [0x00000000ed700000,0x00000000ed700000,0x00000000f0000000)
 ParOldGen       total 185856K, used 15472K [0x00000000a0000000, 0x00000000ab580000, 0x00000000e0000000)
  object space 185856K, 8% used [0x00000000a0000000,0x00000000a0f1c178,0x00000000ab580000)
 Metaspace       used 61708K, capacity 62979K, committed 63256K, reserved 1105920K
  class space    used 6993K, capacity 7277K, committed 7448K, reserved 1048576K
Event: 8961.537 GC heap after
Heap after GC invocations=30 (full 6):
 PSYoungGen      total 216576K, used 31003K [0x00000000e0000000, 0x00000000f0b00000, 0x0000000100000000)
  eden space 174592K, 0% used [0x00000000e0000000,0x00000000e0000000,0x00000000eaa80000)
  from space 41984K, 73% used [0x00000000ed700000,0x00000000ef546db0,0x00000000f0000000)
  to   space 45568K, 0% used [0x00000000eaa80000,0x00000000eaa80000,0x00000000ed700000)
 ParOldGen       total 185856K, used 15480K [0x00000000a0000000, 0x00000000ab580000, 0x00000000e0000000)
  object space 185856K, 8% used [0x00000000a0000000,0x00000000a0f1e178,0x00000000ab580000)
 Metaspace       used 61708K, capacity 62979K, committed 63256K, reserved 1105920K
  class space    used 6993K, capacity 7277K, committed 7448K, reserved 1048576K
}
Event: 8964.906 GC heap before
{Heap before GC invocations=31 (full 6):
 PSYoungGen      total 216576K, used 205595K [0x00000000e0000000, 0x00000000f0b00000, 0x0000000100000000)
  eden space 174592K, 100% used [0x00000000e0000000,0x00000000eaa80000,0x00000000eaa80000)
  from space 41984K, 73% used [0x00000000ed700000,0x00000000ef546db0,0x00000000f0000000)
  to   space 45568K, 0% used [0x00000000eaa80000,0x00000000eaa80000,0x00000000ed700000)
 ParOldGen       total 185856K, used 15480K [0x00000000a0000000, 0x00000000ab580000, 0x00000000e0000000)
  object space 185856K, 8% used [0x00000000a0000000,0x00000000a0f1e178,0x00000000ab580000)
 Metaspace       used 62076K, capacity 63311K, committed 63512K, reserved 1105920K
  class space    used 7003K, capacity 7277K, committed 7448K, reserved 1048576K
Event: 8964.969 GC heap after
Heap after GC invocations=31 (full 6):
 PSYoungGen      total 220160K, used 28679K [0x00000000e0000000, 0x00000000f2780000, 0x0000000100000000)
  eden space 174592K, 0% used [0x00000000e0000000,0x00000000e0000000,0x00000000eaa80000)
  from space 45568K, 62% used [0x00000000eaa80000,0x00000000ec681cf0,0x00000000ed700000)
  to   space 47104K, 0% used [0x00000000ef980000,0x00000000ef980000,0x00000000f2780000)
 ParOldGen       total 185856K, used 22865K [0x00000000a0000000, 0x00000000ab580000, 0x00000000e0000000)
  object space 185856K, 12% used [0x00000000a0000000,0x00000000a16547f0,0x00000000ab580000)
 Metaspace       used 62076K, capacity 63311K, committed 63512K, reserved 1105920K
  class space    used 7003K, capacity 7277K, committed 7448K, reserved 1048576K
}

