# JRE version: OpenJDK Runtime Environment (8.0_152-b02) (build 1.8.0_152-release-1024-b02)
# Java VM: OpenJDK 64-Bit Server VM (25.152-b02 mixed mode windows-amd64 compressed oops)
Heap:
 PSYoungGen      total 55296K, used 49260K [0x00000000d6200000, 0x00000000da900000, 0x0000000100000000)
  eden space 44032K, 97% used [0x00000000d6200000,0x00000000d8be7128,0x00000000d8d00000)
  from space 11264K, 56% used [0x00000000d9e00000,0x00000000da4340a8,0x00000000da900000)
  to   space 14336K, 0% used [0x00000000d8d00000,0x00000000d8d00000,0x00000000d9b00000)
 ParOldGen       total 82432K, used 21764K [0x0000000082600000, 0x0000000087680000, 0x00000000d6200000)
  object space 82432K, 26% used [0x0000000082600000,0x0000000083b410f8,0x0000000087680000)
 Metaspace       used 39617K, capacity 40203K, committed 40664K, reserved 1085440K
  class space    used 4916K, capacity 5064K, committed 5120K, reserved 1048576K
GC Heap History (10 events):
Event: 20.648 GC heap before
{Heap before GC invocations=6 (full 1):
 PSYoungGen      total 37888K, used 37867K [0x00000000d6200000, 0x00000000d8c00000, 0x0000000100000000)
  eden space 32768K, 100% used [0x00000000d6200000,0x00000000d8200000,0x00000000d8200000)
  from space 5120K, 99% used [0x00000000d8700000,0x00000000d8bfaeb0,0x00000000d8c00000)
  to   space 5120K, 0% used [0x00000000d8200000,0x00000000d8200000,0x00000000d8700000)
 ParOldGen       total 48640K, used 14037K [0x0000000082600000, 0x0000000085580000, 0x00000000d6200000)
  object space 48640K, 28% used [0x0000000082600000,0x00000000833b5440,0x0000000085580000)
 Metaspace       used 31426K, capacity 31836K, committed 32256K, reserved 1077248K
  class space    used 3941K, capacity 4072K, committed 4096K, reserved 1048576K
Event: 20.662 GC heap after
Heap after GC invocations=6 (full 1):
 PSYoungGen      total 37376K, used 5107K [0x00000000d6200000, 0x00000000d9880000, 0x0000000100000000)
  eden space 32256K, 0% used [0x00000000d6200000,0x00000000d6200000,0x00000000d8180000)
  from space 5120K, 99% used [0x00000000d8200000,0x00000000d86fce50,0x00000000d8700000)
  to   space 11776K, 0% used [0x00000000d8d00000,0x00000000d8d00000,0x00000000d9880000)
 ParOldGen       total 48640K, used 20167K [0x0000000082600000, 0x0000000085580000, 0x00000000d6200000)
  object space 48640K, 41% used [0x0000000082600000,0x00000000839b1ee8,0x0000000085580000)
 Metaspace       used 31426K, capacity 31836K, committed 32256K, reserved 1077248K
  class space    used 3941K, capacity 4072K, committed 4096K, reserved 1048576K
}
Event: 22.230 GC heap before
{Heap before GC invocations=7 (full 1):
 PSYoungGen      total 37376K, used 37363K [0x00000000d6200000, 0x00000000d9880000, 0x0000000100000000)
  eden space 32256K, 100% used [0x00000000d6200000,0x00000000d8180000,0x00000000d8180000)
  from space 5120K, 99% used [0x00000000d8200000,0x00000000d86fce50,0x00000000d8700000)
  to   space 11776K, 0% used [0x00000000d8d00000,0x00000000d8d00000,0x00000000d9880000)
 ParOldGen       total 48640K, used 20167K [0x0000000082600000, 0x0000000085580000, 0x00000000d6200000)
  object space 48640K, 41% used [0x0000000082600000,0x00000000839b1ee8,0x0000000085580000)
 Metaspace       used 33118K, capacity 33580K, committed 34048K, reserved 1079296K
  class space    used 4153K, capacity 4280K, committed 4352K, reserved 1048576K
Event: 22.249 GC heap after
Heap after GC invocations=7 (full 1):
 PSYoungGen      total 43520K, used 10539K [0x00000000d6200000, 0x00000000da800000, 0x0000000100000000)
  eden space 31744K, 0% used [0x00000000d6200000,0x00000000d6200000,0x00000000d8100000)
  from space 11776K, 89% used [0x00000000d8d00000,0x00000000d974ae88,0x00000000d9880000)
  to   space 12288K, 0% used [0x00000000d8100000,0x00000000d8100000,0x00000000d8d00000)
 ParOldGen       total 48640K, used 20175K [0x0000000082600000, 0x0000000085580000, 0x00000000d6200000)
  object space 48640K, 41% used [0x0000000082600000,0x00000000839b3ee8,0x0000000085580000)
 Metaspace       used 33118K, capacity 33580K, committed 34048K, reserved 1079296K
  class space    used 4153K, capacity 4280K, committed 4352K, reserved 1048576K
}
Event: 24.117 GC heap before
{Heap before GC invocations=8 (full 1):
 PSYoungGen      total 43520K, used 35880K [0x00000000d6200000, 0x00000000da800000, 0x0000000100000000)
  eden space 31744K, 79% used [0x00000000d6200000,0x00000000d7abf398,0x00000000d8100000)
  from space 11776K, 89% used [0x00000000d8d00000,0x00000000d974ae88,0x00000000d9880000)
  to   space 12288K, 0% used [0x00000000d8100000,0x00000000d8100000,0x00000000d8d00000)
 ParOldGen       total 48640K, used 20175K [0x0000000082600000, 0x0000000085580000, 0x00000000d6200000)
  object space 48640K, 41% used [0x0000000082600000,0x00000000839b3ee8,0x0000000085580000)
 Metaspace       used 34705K, capacity 35139K, committed 35416K, reserved 1081344K
  class space    used 4296K, capacity 4449K, committed 4480K, reserved 1048576K
Event: 24.135 GC heap after
Heap after GC invocations=8 (full 1):
 PSYoungGen      total 44032K, used 12267K [0x00000000d6200000, 0x00000000dab80000, 0x0000000100000000)
  eden space 31744K, 0% used [0x00000000d6200000,0x00000000d6200000,0x00000000d8100000)
  from space 12288K, 99% used [0x00000000d8100000,0x00000000d8cfac68,0x00000000d8d00000)
  to   space 13824K, 0% used [0x00000000d9e00000,0x00000000d9e00000,0x00000000dab80000)
 ParOldGen       total 48640K, used 21927K [0x0000000082600000, 0x0000000085580000, 0x00000000d6200000)
  object space 48640K, 45% used [0x0000000082600000,0x0000000083b69d58,0x0000000085580000)
 Metaspace       used 34705K, capacity 35139K, committed 35416K, reserved 1081344K
  class space    used 4296K, capacity 4449K, committed 4480K, reserved 1048576K
}
Event: 24.135 GC heap before
{Heap before GC invocations=9 (full 2):
 PSYoungGen      total 44032K, used 12267K [0x00000000d6200000, 0x00000000dab80000, 0x0000000100000000)
  eden space 31744K, 0% used [0x00000000d6200000,0x00000000d6200000,0x00000000d8100000)
  from space 12288K, 99% used [0x00000000d8100000,0x00000000d8cfac68,0x00000000d8d00000)
  to   space 13824K, 0% used [0x00000000d9e00000,0x00000000d9e00000,0x00000000dab80000)
 ParOldGen       total 48640K, used 21927K [0x0000000082600000, 0x0000000085580000, 0x00000000d6200000)
  object space 48640K, 45% used [0x0000000082600000,0x0000000083b69d58,0x0000000085580000)
 Metaspace       used 34705K, capacity 35139K, committed 35416K, reserved 1081344K
  class space    used 4296K, capacity 4449K, committed 4480K, reserved 1048576K
Event: 24.301 GC heap after
Heap after GC invocations=9 (full 2):
 PSYoungGen      total 44032K, used 0K [0x00000000d6200000, 0x00000000dab80000, 0x0000000100000000)
  eden space 31744K, 0% used [0x00000000d6200000,0x00000000d6200000,0x00000000d8100000)
  from space 12288K, 0% used [0x00000000d8100000,0x00000000d8100000,0x00000000d8d00000)
  to   space 13824K, 0% used [0x00000000d9e00000,0x00000000d9e00000,0x00000000dab80000)
 ParOldGen       total 82432K, used 21756K [0x0000000082600000, 0x0000000087680000, 0x00000000d6200000)
  object space 82432K, 26% used [0x0000000082600000,0x0000000083b3f0f8,0x0000000087680000)
 Metaspace       used 34705K, capacity 35139K, committed 35416K, reserved 1081344K
  class space    used 4296K, capacity 4449K, committed 4480K, reserved 1048576K
}
Event: 26.872 GC heap before
{Heap before GC invocations=10 (full 2):
 PSYoungGen      total 44032K, used 31744K [0x00000000d6200000, 0x00000000dab80000, 0x0000000100000000)
  eden space 31744K, 100% used [0x00000000d6200000,0x00000000d8100000,0x00000000d8100000)
  from space 12288K, 0% used [0x00000000d8100000,0x00000000d8100000,0x00000000d8d00000)
  to   space 13824K, 0% used [0x00000000d9e00000,0x00000000d9e00000,0x00000000dab80000)
 ParOldGen       total 82432K, used 21756K [0x0000000082600000, 0x0000000087680000, 0x00000000d6200000)
  object space 82432K, 26% used [0x0000000082600000,0x0000000083b3f0f8,0x0000000087680000)
 Metaspace       used 36627K, capacity 37113K, committed 37464K, reserved 1081344K
  class space    used 4492K, capacity 4624K, committed 4736K, reserved 1048576K
Event: 26.886 GC heap after
Heap after GC invocations=10 (full 2):
 PSYoungGen      total 55296K, used 6352K [0x00000000d6200000, 0x00000000da900000, 0x0000000100000000)
  eden space 44032K, 0% used [0x00000000d6200000,0x00000000d6200000,0x00000000d8d00000)
  from space 11264K, 56% used [0x00000000d9e00000,0x00000000da4340a8,0x00000000da900000)
  to   space 14336K, 0% used [0x00000000d8d00000,0x00000000d8d00000,0x00000000d9b00000)
 ParOldGen       total 82432K, used 21764K [0x0000000082600000, 0x0000000087680000, 0x00000000d6200000)
  object space 82432K, 26% used [0x0000000082600000,0x0000000083b410f8,0x0000000087680000)
 Metaspace       used 36627K, capacity 37113K, committed 37464K, reserved 1081344K
  class space    used 4492K, capacity 4624K, committed 4736K, reserved 1048576K
}

